TN:
SF:javascripts\available_auction.js
FN:23,decryptData
FN:44,getAuthHeaders
FN:51,getRemainingTime
FN:65,getCurrentUserId
FN:69,loadAuctions
FN:125,processAuctionData
FN:152,addAuction
FN:164,(anonymous_7)
FN:169,(anonymous_8)
FN:175,updateAuction
FN:177,(anonymous_10)
FN:199,(anonymous_11)
FN:207,updateAmountAuction
FN:209,(anonymous_13)
FN:219,(anonymous_14)
FN:228,deleteAuction
FN:230,(anonymous_16)
FN:237,(anonymous_17)
FN:245,convertDurationToSeconds
FN:267,loadArticleDetails
FN:274,formatDate
FN:287,renderAuctions
FN:293,(anonymous_22)
FN:331,(anonymous_23)
FN:347,startTimerForModal
FN:349,handleModalMessage
FN:369,showModal
FN:421,startTimer
FN:428,handleMessage
FN:440,formatMoney
FN:444,checkSubscription
FN:453,(anonymous_31)
FN:460,subscribeToAuction
FN:486,showPopup
FN:490,(anonymous_34)
FNF:35
FNH:15
FNDA:4,decryptData
FNDA:31,getAuthHeaders
FNDA:12,getRemainingTime
FNDA:5,getCurrentUserId
FNDA:5,loadAuctions
FNDA:25,processAuctionData
FNDA:12,addAuction
FNDA:0,(anonymous_7)
FNDA:0,(anonymous_8)
FNDA:12,updateAuction
FNDA:0,(anonymous_10)
FNDA:0,(anonymous_11)
FNDA:12,updateAmountAuction
FNDA:0,(anonymous_13)
FNDA:0,(anonymous_14)
FNDA:0,deleteAuction
FNDA:0,(anonymous_16)
FNDA:0,(anonymous_17)
FNDA:12,convertDurationToSeconds
FNDA:12,loadArticleDetails
FNDA:12,formatDate
FNDA:0,renderAuctions
FNDA:0,(anonymous_22)
FNDA:0,(anonymous_23)
FNDA:0,startTimerForModal
FNDA:0,handleModalMessage
FNDA:11,showModal
FNDA:0,startTimer
FNDA:0,handleMessage
FNDA:0,formatMoney
FNDA:1,checkSubscription
FNDA:0,(anonymous_31)
FNDA:1,subscribeToAuction
FNDA:0,showPopup
FNDA:0,(anonymous_34)
DA:2,1
DA:3,1
DA:4,1
DA:5,1
DA:6,1
DA:7,1
DA:8,1
DA:9,1
DA:10,1
DA:11,1
DA:12,1
DA:13,1
DA:14,1
DA:15,1
DA:18,1
DA:19,1
DA:20,1
DA:24,4
DA:26,4
DA:31,3
DA:33,3
DA:34,1
DA:36,2
DA:38,2
DA:39,2
DA:45,31
DA:46,31
DA:52,12
DA:53,12
DA:56,12
DA:57,0
DA:58,0
DA:60,12
DA:61,12
DA:66,5
DA:70,5
DA:71,5
DA:73,5
DA:74,5
DA:76,5
DA:80,4
DA:82,4
DA:83,4
DA:85,2
DA:86,0
DA:89,2
DA:92,2
DA:93,0
DA:96,2
DA:97,1
DA:98,1
DA:99,1
DA:100,1
DA:101,1
DA:105,1
DA:106,1
DA:107,0
DA:108,0
DA:111,4
DA:112,4
DA:118,5
DA:126,25
DA:127,0
DA:130,25
DA:131,12
DA:133,13
DA:134,12
DA:135,12
DA:136,12
DA:137,12
DA:139,12
DA:140,12
DA:141,12
DA:153,12
DA:154,12
DA:156,12
DA:157,12
DA:158,0
DA:159,0
DA:161,12
DA:162,12
DA:163,12
DA:164,12
DA:166,0
DA:169,12
DA:170,0
DA:176,12
DA:177,12
DA:179,12
DA:180,0
DA:181,0
DA:182,0
DA:183,0
DA:184,0
DA:185,0
DA:186,0
DA:187,0
DA:189,0
DA:190,0
DA:192,0
DA:193,0
DA:194,0
DA:195,0
DA:197,12
DA:198,12
DA:199,12
DA:201,0
DA:204,0
DA:208,12
DA:209,12
DA:211,12
DA:212,0
DA:213,0
DA:214,0
DA:215,0
DA:217,12
DA:218,12
DA:219,12
DA:221,0
DA:224,0
DA:229,0
DA:230,0
DA:232,0
DA:233,0
DA:234,0
DA:235,0
DA:236,0
DA:237,0
DA:239,0
DA:242,0
DA:247,12
DA:250,12
DA:253,12
DA:255,12
DA:256,12
DA:257,12
DA:258,12
DA:261,12
DA:264,12
DA:268,12
DA:271,12
DA:272,12
DA:275,12
DA:276,12
DA:277,12
DA:278,12
DA:279,12
DA:280,12
DA:282,12
DA:285,1
DA:288,0
DA:289,0
DA:290,0
DA:291,0
DA:293,0
DA:294,0
DA:295,0
DA:298,0
DA:299,0
DA:300,0
DA:304,0
DA:307,0
DA:308,0
DA:310,0
DA:311,0
DA:314,0
DA:317,0
DA:326,0
DA:327,0
DA:331,0
DA:332,0
DA:335,0
DA:336,0
DA:338,0
DA:339,0
DA:341,0
DA:344,0
DA:345,0
DA:348,0
DA:349,0
DA:350,0
DA:353,0
DA:354,0
DA:355,0
DA:356,0
DA:357,0
DA:359,0
DA:360,0
DA:362,0
DA:370,11
DA:371,11
DA:372,11
DA:374,11
DA:379,11
DA:381,11
DA:382,0
DA:383,0
DA:384,0
DA:387,0
DA:388,0
DA:389,0
DA:392,0
DA:394,0
DA:395,0
DA:396,0
DA:400,0
DA:401,0
DA:403,0
DA:404,0
DA:405,0
DA:406,0
DA:408,0
DA:411,0
DA:412,0
DA:416,11
DA:422,0
DA:423,0
DA:427,0
DA:428,0
DA:429,0
DA:430,0
DA:431,0
DA:432,0
DA:433,0
DA:434,0
DA:435,0
DA:441,0
DA:445,1
DA:446,1
DA:449,1
DA:451,0
DA:453,0
DA:455,1
DA:456,1
DA:462,1
DA:463,1
DA:468,1
DA:469,0
DA:472,0
DA:475,0
DA:477,1
DA:478,1
DA:483,1
DA:487,0
DA:490,0
DA:491,0
DA:495,1
LF:247
LH:126
BRDA:33,0,0,1
BRDA:33,0,1,2
BRDA:56,1,0,0
BRDA:56,1,1,0
BRDA:80,2,0,0
BRDA:80,2,1,4
BRDA:85,3,0,0
BRDA:85,3,1,2
BRDA:92,4,0,0
BRDA:92,4,1,2
BRDA:96,5,0,1
BRDA:96,5,1,1
BRDA:126,6,0,0
BRDA:126,6,1,25
BRDA:126,7,0,25
BRDA:126,7,1,25
BRDA:130,8,0,12
BRDA:130,8,1,13
BRDA:130,9,0,25
BRDA:130,9,1,13
BRDA:133,10,0,12
BRDA:133,10,1,0
BRDA:152,11,0,12
BRDA:162,12,0,12
BRDA:162,12,1,0
BRDA:169,13,0,0
BRDA:169,13,1,12
BRDA:169,14,0,12
BRDA:169,14,1,12
BRDA:175,15,0,12
BRDA:179,16,0,0
BRDA:179,16,1,12
BRDA:182,17,0,0
BRDA:182,17,1,0
BRDA:184,18,0,0
BRDA:184,18,1,0
BRDA:197,19,0,12
BRDA:197,19,1,0
BRDA:207,20,0,12
BRDA:211,21,0,0
BRDA:211,21,1,12
BRDA:214,22,0,0
BRDA:214,22,1,0
BRDA:217,23,0,12
BRDA:217,23,1,0
BRDA:228,24,0,0
BRDA:232,25,0,0
BRDA:232,25,1,0
BRDA:235,26,0,0
BRDA:235,26,1,0
BRDA:255,27,0,12
BRDA:255,27,1,0
BRDA:256,28,0,12
BRDA:256,28,1,0
BRDA:257,29,0,12
BRDA:257,29,1,12
BRDA:258,30,0,12
BRDA:258,30,1,12
BRDA:298,31,0,0
BRDA:298,31,1,0
BRDA:308,32,0,0
BRDA:308,32,1,0
BRDA:310,33,0,0
BRDA:310,33,1,0
BRDA:314,34,0,0
BRDA:314,34,1,0
BRDA:323,35,0,0
BRDA:323,35,1,0
BRDA:326,36,0,0
BRDA:326,36,1,0
BRDA:335,37,0,0
BRDA:335,37,1,0
BRDA:338,38,0,0
BRDA:338,38,1,0
BRDA:344,39,0,0
BRDA:344,39,1,0
BRDA:353,40,0,0
BRDA:353,40,1,0
BRDA:359,41,0,0
BRDA:359,41,1,0
BRDA:387,42,0,0
BRDA:387,42,1,0
BRDA:400,43,0,0
BRDA:400,43,1,0
BRDA:404,44,0,0
BRDA:404,44,1,0
BRDA:411,45,0,0
BRDA:411,45,1,0
BRDA:411,46,0,0
BRDA:411,46,1,0
BRDA:430,47,0,0
BRDA:430,47,1,0
BRDA:449,48,0,0
BRDA:449,48,1,0
BRDA:468,49,0,0
BRDA:468,49,1,0
BRF:96
BRH:32
end_of_record
TN:
SF:javascripts\home.js
FN:15,(anonymous_0)
FN:30,getAuthHeaders
FN:38,getAuthHeadersGoogle
FN:45,decryptData
FN:65,fetchUserMoney
FN:101,(anonymous_5)
FN:114,(anonymous_6)
FN:119,(anonymous_7)
FN:130,(anonymous_8)
FN:138,(anonymous_9)
FN:142,(anonymous_10)
FN:149,(anonymous_11)
FN:155,formatMoney
FN:158,(anonymous_13)
FN:171,(anonymous_14)
FNF:15
FNH:6
FNDA:0,(anonymous_0)
FNDA:1,getAuthHeaders
FNDA:3,getAuthHeadersGoogle
FNDA:2,decryptData
FNDA:2,fetchUserMoney
FNDA:0,(anonymous_5)
FNDA:0,(anonymous_6)
FNDA:0,(anonymous_7)
FNDA:0,(anonymous_8)
FNDA:0,(anonymous_9)
FNDA:0,(anonymous_10)
FNDA:0,(anonymous_11)
FNDA:1,formatMoney
FNDA:1,(anonymous_13)
FNDA:0,(anonymous_14)
DA:1,1
DA:2,1
DA:3,1
DA:4,1
DA:5,1
DA:6,1
DA:7,1
DA:8,1
DA:9,1
DA:10,1
DA:11,1
DA:12,1
DA:13,1
DA:14,1
DA:15,0
DA:16,0
DA:17,0
DA:18,0
DA:19,0
DA:21,0
DA:22,0
DA:26,1
DA:31,1
DA:32,1
DA:39,3
DA:40,3
DA:46,2
DA:48,2
DA:53,0
DA:55,0
DA:56,0
DA:58,0
DA:60,2
DA:61,2
DA:66,2
DA:67,2
DA:68,2
DA:71,2
DA:72,2
DA:76,0
DA:79,2
DA:80,0
DA:82,2
DA:83,2
DA:84,0
DA:85,0
DA:87,2
DA:88,2
DA:89,2
DA:92,2
DA:100,1
DA:101,1
DA:102,0
DA:115,0
DA:116,0
DA:117,0
DA:119,0
DA:120,0
DA:127,1
DA:128,1
DA:129,1
DA:130,1
DA:131,0
DA:132,0
DA:133,0
DA:137,1
DA:138,1
DA:139,0
DA:140,0
DA:141,0
DA:142,0
DA:143,0
DA:148,1
DA:149,1
DA:150,0
DA:156,1
DA:158,1
DA:160,1
DA:162,0
DA:172,0
DA:173,0
DA:179,1
DA:180,1
DA:182,1
DA:183,0
DA:186,1
DA:189,1
DA:190,1
DA:195,1
LF:89
LH:55
BRDA:14,0,0,0
BRDA:14,0,1,1
BRDA:17,1,0,0
BRDA:17,1,1,0
BRDA:55,2,0,0
BRDA:55,2,1,0
BRDA:71,3,0,2
BRDA:71,3,1,0
BRDA:79,4,0,0
BRDA:79,4,1,2
BRDA:85,5,0,0
BRDA:85,5,1,0
BRDA:115,6,0,0
BRDA:115,6,1,0
BRDA:160,7,0,0
BRDA:160,7,1,1
BRDA:182,8,0,0
BRDA:182,8,1,1
BRDA:189,9,0,1
BRDA:189,9,1,0
BRDA:190,10,0,1
BRDA:190,10,1,1
BRF:22
BRH:8
end_of_record
TN:
SF:javascripts\login.js
FN:3,validateLogin
FN:23,(anonymous_1)
FN:29,(anonymous_2)
FN:42,(anonymous_3)
FN:47,(anonymous_4)
FN:58,(anonymous_5)
FN:63,handleCredentialResponse
FN:82,(anonymous_7)
FN:83,(anonymous_8)
FN:104,(anonymous_9)
FN:121,(anonymous_10)
FN:132,(anonymous_11)
FN:138,initializeGoogleSignIn
FN:152,decryptData
FN:177,(anonymous_14)
FNF:15
FNH:6
FNDA:4,validateLogin
FNDA:4,(anonymous_1)
FNDA:3,(anonymous_2)
FNDA:2,(anonymous_3)
FNDA:2,(anonymous_4)
FNDA:4,(anonymous_5)
FNDA:0,handleCredentialResponse
FNDA:0,(anonymous_7)
FNDA:0,(anonymous_8)
FNDA:0,(anonymous_9)
FNDA:0,(anonymous_10)
FNDA:0,(anonymous_11)
FNDA:0,initializeGoogleSignIn
FNDA:0,decryptData
FNDA:0,(anonymous_14)
DA:2,1
DA:4,4
DA:7,4
DA:8,4
DA:10,4
DA:11,4
DA:13,4
DA:14,4
DA:16,4
DA:24,4
DA:25,1
DA:27,3
DA:30,3
DA:31,3
DA:32,3
DA:33,3
DA:34,3
DA:43,2
DA:44,2
DA:48,2
DA:59,4
DA:62,1
DA:64,0
DA:65,0
DA:68,0
DA:69,0
DA:72,0
DA:75,0
DA:82,0
DA:84,0
DA:86,0
DA:87,0
DA:88,0
DA:90,0
DA:91,0
DA:92,0
DA:93,0
DA:96,0
DA:105,0
DA:106,0
DA:110,0
DA:122,0
DA:133,0
DA:139,0
DA:145,0
DA:150,1
DA:151,1
DA:153,0
DA:155,0
DA:160,0
DA:162,0
DA:163,0
DA:165,0
DA:167,0
DA:168,0
DA:172,1
DA:177,1
DA:180,1
DA:181,1
LF:59
LH:28
BRDA:24,0,0,1
BRDA:24,0,1,3
BRDA:87,1,0,0
BRDA:87,1,1,0
BRDA:162,2,0,0
BRDA:162,2,1,0
BRDA:180,3,0,1
BRDA:180,3,1,0
BRDA:180,4,0,1
BRDA:180,4,1,1
BRF:10
BRH:5
end_of_record
TN:
SF:javascripts\sala.js
FN:30,decryptData
FN:49,getAuthHeaders
FN:59,fetchAuctionData
FN:118,initializeAuctionPage
FN:142,generateRanking
FN:152,(anonymous_5)
FN:183,generateRankingTopic
FN:187,(anonymous_7)
FN:224,formatMoney
FN:230,updateTimer
FN:259,handleBid
FN:279,sanitizeInput
FN:284,isValidBid
FN:289,hasSufficientFunds
FN:294,showAlert
FN:307,placeBid
FN:343,disableBidButton
FN:350,resetBidInput
FN:363,(anonymous_18)
FN:374,(anonymous_19)
FN:384,(anonymous_20)
FN:390,(anonymous_21)
FN:402,fetchUserData
FN:423,(anonymous_23)
FN:427,(anonymous_24)
FN:433,sendMessage
FN:443,showPopup
FN:447,(anonymous_27)
FNF:28
FNH:12
FNDA:1,decryptData
FNDA:4,getAuthHeaders
FNDA:4,fetchAuctionData
FNDA:1,initializeAuctionPage
FNDA:1,generateRanking
FNDA:0,(anonymous_5)
FNDA:0,generateRankingTopic
FNDA:0,(anonymous_7)
FNDA:8,formatMoney
FNDA:1,updateTimer
FNDA:0,handleBid
FNDA:4,sanitizeInput
FNDA:4,isValidBid
FNDA:2,hasSufficientFunds
FNDA:0,showAlert
FNDA:0,placeBid
FNDA:0,disableBidButton
FNDA:0,resetBidInput
FNDA:0,(anonymous_18)
FNDA:0,(anonymous_19)
FNDA:0,(anonymous_20)
FNDA:0,(anonymous_21)
FNDA:1,fetchUserData
FNDA:0,(anonymous_23)
FNDA:1,(anonymous_24)
FNDA:0,sendMessage
FNDA:0,showPopup
FNDA:0,(anonymous_27)
DA:2,1
DA:3,1
DA:4,1
DA:5,1
DA:6,1
DA:7,1
DA:8,1
DA:9,1
DA:10,1
DA:11,1
DA:12,1
DA:13,1
DA:14,1
DA:15,1
DA:16,1
DA:17,1
DA:20,1
DA:21,1
DA:26,1
DA:27,1
DA:28,1
DA:31,1
DA:33,1
DA:38,0
DA:40,0
DA:41,0
DA:43,0
DA:45,1
DA:46,1
DA:50,4
DA:51,4
DA:56,1
DA:60,4
DA:61,4
DA:62,4
DA:63,4
DA:64,4
DA:65,4
DA:68,0
DA:71,0
DA:74,0
DA:75,0
DA:76,0
DA:77,0
DA:79,0
DA:82,0
DA:85,0
DA:87,0
DA:88,0
DA:89,0
DA:93,0
DA:108,0
DA:111,0
DA:113,0
DA:119,1
DA:122,1
DA:126,1
DA:127,0
DA:128,0
DA:129,0
DA:130,0
DA:132,0
DA:136,0
DA:137,0
DA:138,0
DA:143,1
DA:144,1
DA:146,1
DA:147,0
DA:150,1
DA:152,1
DA:153,0
DA:154,0
DA:157,0
DA:158,0
DA:159,0
DA:160,0
DA:161,0
DA:162,0
DA:163,0
DA:166,0
DA:167,0
DA:172,0
DA:173,0
DA:179,0
DA:184,0
DA:186,0
DA:187,0
DA:188,0
DA:189,0
DA:191,0
DA:192,0
DA:193,0
DA:194,0
DA:197,0
DA:198,0
DA:201,0
DA:202,0
DA:203,0
DA:204,0
DA:205,0
DA:206,0
DA:207,0
DA:210,0
DA:212,0
DA:216,0
DA:221,0
DA:225,8
DA:232,1
DA:233,1
DA:234,1
DA:236,1
DA:237,1
DA:238,0
DA:239,0
DA:241,1
DA:243,0
DA:244,0
DA:246,0
DA:247,0
DA:249,0
DA:250,0
DA:251,0
DA:252,0
DA:253,0
DA:260,0
DA:261,0
DA:262,0
DA:264,0
DA:265,0
DA:266,0
DA:269,0
DA:270,0
DA:271,0
DA:274,0
DA:275,0
DA:280,4
DA:285,4
DA:290,2
DA:295,0
DA:308,0
DA:310,0
DA:313,0
DA:322,0
DA:323,0
DA:332,0
DA:333,0
DA:336,0
DA:338,0
DA:344,0
DA:345,0
DA:346,0
DA:351,0
DA:355,1
DA:356,1
DA:361,1
DA:363,1
DA:364,0
DA:365,0
DA:373,1
DA:374,1
DA:375,0
DA:376,0
DA:377,0
DA:383,1
DA:384,1
DA:386,0
DA:387,0
DA:388,0
DA:389,0
DA:390,0
DA:391,0
DA:399,1
DA:403,1
DA:404,1
DA:407,0
DA:408,0
DA:409,0
DA:410,0
DA:411,0
DA:413,1
DA:414,1
DA:423,1
DA:424,0
DA:425,0
DA:426,0
DA:428,1
DA:434,0
DA:440,1
DA:444,0
DA:447,0
DA:448,0
DA:452,1
LF:193
LH:69
BRDA:40,0,0,0
BRDA:40,0,1,0
BRDA:63,1,0,4
BRDA:63,1,1,0
BRDA:74,2,0,0
BRDA:74,2,1,0
BRDA:85,3,0,0
BRDA:85,3,1,0
BRDA:129,4,0,0
BRDA:129,4,1,0
BRDA:129,5,0,0
BRDA:129,5,1,0
BRDA:146,6,0,0
BRDA:146,6,1,1
BRDA:157,7,0,0
BRDA:157,7,1,0
BRDA:157,8,0,0
BRDA:157,8,1,0
BRDA:158,9,0,0
BRDA:158,9,1,0
BRDA:160,10,0,0
BRDA:160,10,1,0
BRDA:162,11,0,0
BRDA:162,11,1,0
BRDA:191,12,0,0
BRDA:191,12,1,0
BRDA:201,13,0,0
BRDA:201,13,1,0
BRDA:202,14,0,0
BRDA:202,14,1,0
BRDA:204,15,0,0
BRDA:204,15,1,0
BRDA:206,16,0,0
BRDA:206,16,1,0
BRDA:237,17,0,0
BRDA:237,17,1,1
BRDA:246,18,0,0
BRDA:246,18,1,0
BRDA:264,19,0,0
BRDA:264,19,1,0
BRDA:269,20,0,0
BRDA:269,20,1,0
BRDA:285,21,0,4
BRDA:285,21,1,3
BRDA:285,21,2,2
BRDA:332,22,0,0
BRDA:332,22,1,0
BRDA:345,23,0,0
BRDA:345,23,1,0
BRDA:346,24,0,0
BRDA:346,24,1,0
BRDA:364,25,0,0
BRDA:364,25,1,0
BRDA:407,26,0,0
BRDA:407,26,1,0
BRF:55
BRH:6
end_of_record
